<?xml version="1.0" encoding="UTF-8"?>
<testsuite name="com.company.unit.HappyNumberServiceTest" time="0.095" tests="4" errors="0" skipped="0" failures="0">
  <properties>
[...]
</properties>
  <testcase name="getHappyNumbers" classname="com.company.unit.HappyNumberServiceTest" time="0.093"/>
  <testcase name="getSum" classname="com.company.unit.HappyNumberServiceTest" time="0"/>
  <testcase name="isNotHappy" classname="com.company.unit.HappyNumberServiceTest" time="0.002"/>
  <testcase name="isHappy" classname="com.company.unit.HappyNumberServiceTest" time="0"/>
</testsuite>